<?xml version="1.0" encoding="UTF-8"?>
<!-- Generated by org.testng.reporters.JUnitReportReporter -->
<testsuite hostname="QA1075" failures="0" tests="1" name="com.framework.servicenow.tests.rest.TC004_CreateIncident_PropertiesClass" time="7.144" errors="0" timestamp="2024-06-15T17:45:00 IST" skipped="0">
  <testcase classname="com.framework.servicenow.tests.rest.TC004_CreateIncident_PropertiesClass" name="createIncident" time="7.144"/>
  <system-out/>
</testsuite> <!-- com.framework.servicenow.tests.rest.TC004_CreateIncident_PropertiesClass -->
