<?xml version="1.0" encoding="UTF-8"?>
<!-- Generated by org.testng.reporters.JUnitReportReporter -->
<testsuite hostname="QA1075" failures="0" tests="1" name="com.framework.servicenow.tests.rest.TC003_CreateIncident_Owner" time="7.821" errors="0" timestamp="2024-06-15T17:35:21 IST" skipped="0">
  <testcase classname="com.framework.servicenow.tests.rest.TC003_CreateIncident_Owner" name="createIncident" time="7.821"/>
  <system-out/>
</testsuite> <!-- com.framework.servicenow.tests.rest.TC003_CreateIncident_Owner -->
