<?xml version="1.0" encoding="UTF-8"?>
<!-- Generated by org.testng.reporters.JUnitReportReporter -->
<testsuite hostname="QA1075" failures="0" tests="1" name="com.framework.servicenow.tests.rest.GenerateDynamicData" time="0.445" errors="0" timestamp="2024-06-15T15:45:17 IST" skipped="0">
  <testcase classname="com.framework.servicenow.tests.rest.GenerateDynamicData" name="dynamicData" time="0.445"/>
  <system-out/>
</testsuite> <!-- com.framework.servicenow.tests.rest.GenerateDynamicData -->
