<?xml version="1.0" encoding="UTF-8"?>
<!-- Generated by org.testng.reporters.JUnitReportReporter -->
<testsuite hostname="DESKTOP-BN3PUO8" failures="0" tests="1" name="com.framework.servicenow.tests.rest.TC001_CreateIncident_ConfigurationManager" time="7.360" errors="0" timestamp="2023-12-09T17:41:48 IST" skipped="0">
  <testcase classname="com.framework.servicenow.tests.rest.TC001_CreateIncident_ConfigurationManager" name="createIncident" time="7.360"/>
  <system-out/>
</testsuite> <!-- com.framework.servicenow.tests.rest.TC001_CreateIncident_ConfigurationManager -->
