<?xml version="1.0" encoding="UTF-8"?>
<!-- Generated by org.testng.reporters.JUnitReportReporter -->
<testsuite hostname="QA1075" failures="0" tests="1" name="com.framework.servicenow.tests.rest.TC001_CreateAccount" time="7.314" errors="0" timestamp="2024-06-16T15:51:54 IST" skipped="0">
  <testcase classname="com.framework.servicenow.tests.rest.TC001_CreateAccount" name="createAccount" time="7.314"/>
  <system-out/>
</testsuite> <!-- com.framework.servicenow.tests.rest.TC001_CreateAccount -->
