<?xml version="1.0" encoding="UTF-8"?>
<!-- Generated by org.testng.reporters.JUnitReportReporter -->
<testsuite skipped="0" hostname="DESKTOP-BN3PUO8" name="com.framework.servicenow.tests.rest.TC001_CreateIncident" tests="1" failures="0" timestamp="2023-12-09T15:42:25 IST" time="9.254" errors="0">
  <testcase name="createIncident" time="9.254" classname="com.framework.servicenow.tests.rest.TC001_CreateIncident"/>
  <system-out/>
</testsuite> <!-- com.framework.servicenow.tests.rest.TC001_CreateIncident -->
